Initializing logger
Registering providers
 Failed registering providers because of: no module registered for type URL /mycel.epochs.module.v1.Module, did you forget to import github.com/mycel-domain/mycel/x/epochs: find more information on how to make a module ready for app wiring: https://docs.cosmos.network/main/building-modules/depinject
(1) attached stack trace
  -- stack trace:
  | cosmossdk.io/depinject.Configs.func1
  | 	/Users/taru/go/pkg/mod/cosmossdk.io/depinject@v1.0.0-alpha.4/config.go:175
  | cosmossdk.io/depinject.containerConfig.apply
  | 	/Users/taru/go/pkg/mod/cosmossdk.io/depinject@v1.0.0-alpha.4/config.go:185
  | cosmossdk.io/depinject.doInject
  | 	/Users/taru/go/pkg/mod/cosmossdk.io/depinject@v1.0.0-alpha.4/inject.go:74
  | cosmossdk.io/depinject.inject
  | 	/Users/taru/go/pkg/mod/cosmossdk.io/depinject@v1.0.0-alpha.4/inject.go:45
  | cosmossdk.io/depinject.Inject
  | 	/Users/taru/go/pkg/mod/cosmossdk.io/depinject@v1.0.0-alpha.4/inject.go:19
  | github.com/mycel-domain/mycel/cmd/myceld/cmd.NewRootCmd
  | 	/Users/taru/dev/mycel/mycel/cmd/myceld/cmd/root.go:41
  | main.main
  | 	/Users/taru/dev/mycel/mycel/cmd/myceld/main.go:14
  | runtime.main
  | 	/opt/homebrew/Cellar/go/1.21.5/libexec/src/runtime/proc.go:267
Wraps: (2) attached stack trace
  -- stack trace:
  | cosmossdk.io/depinject.Configs.func1
  | 	/Users/taru/go/pkg/mod/cosmossdk.io/depinject@v1.0.0-alpha.4/config.go:175
  | [...repeated from below...]
Wraps: (3) attached stack trace
  -- stack trace:
  | cosmossdk.io/depinject.Error.func1
  | 	/Users/taru/go/pkg/mod/cosmossdk.io/depinject@v1.0.0-alpha.4/config.go:165
  | cosmossdk.io/depinject.containerConfig.apply
  | 	/Users/taru/go/pkg/mod/cosmossdk.io/depinject@v1.0.0-alpha.4/config.go:185
  | cosmossdk.io/depinject.Configs.func1
  | 	/Users/taru/go/pkg/mod/cosmossdk.io/depinject@v1.0.0-alpha.4/config.go:173
  | cosmossdk.io/depinject.containerConfig.apply
  | 	/Users/taru/go/pkg/mod/cosmossdk.io/depinject@v1.0.0-alpha.4/config.go:185
  | cosmossdk.io/depinject.Configs.func1
  | 	/Users/taru/go/pkg/mod/cosmossdk.io/depinject@v1.0.0-alpha.4/config.go:173
  | cosmossdk.io/depinject.containerConfig.apply
  | 	/Users/taru/go/pkg/mod/cosmossdk.io/depinject@v1.0.0-alpha.4/config.go:185
  | cosmossdk.io/depinject.doInject
  | 	/Users/taru/go/pkg/mod/cosmossdk.io/depinject@v1.0.0-alpha.4/inject.go:74
  | cosmossdk.io/depinject.inject
  | 	/Users/taru/go/pkg/mod/cosmossdk.io/depinject@v1.0.0-alpha.4/inject.go:45
  | cosmossdk.io/depinject.Inject
  | 	/Users/taru/go/pkg/mod/cosmossdk.io/depinject@v1.0.0-alpha.4/inject.go:19
  | github.com/mycel-domain/mycel/cmd/myceld/cmd.NewRootCmd
  | 	/Users/taru/dev/mycel/mycel/cmd/myceld/cmd/root.go:41
  | main.main
  | 	/Users/taru/dev/mycel/mycel/cmd/myceld/main.go:14
  | runtime.main
  | 	/opt/homebrew/Cellar/go/1.21.5/libexec/src/runtime/proc.go:267
  | runtime.goexit
  | 	/opt/homebrew/Cellar/go/1.21.5/libexec/src/runtime/asm_arm64.s:1197
Wraps: (4) no module registered for type URL /mycel.epochs.module.v1.Module, did you forget to import github.com/mycel-domain/mycel/x/epochs: find more information on how to make a module ready for app wiring: https://docs.cosmos.network/main/building-modules/depinject
  |
  | registered modules are:
  |   cosmos.consensus.module.v1.Module
  |   cosmos.feegrant.module.v1.Module
  |   cosmos.distribution.module.v1.Module
  |   cosmos.mint.module.v1.Module
  |   cosmos.params.module.v1.Module
  |   cosmos.crisis.module.v1.Module
  |   cosmos.bank.module.v1.Module
  |   cosmos.group.module.v1.Module
  |   cosmos.authz.module.v1.Module
  |   cosmos.staking.module.v1.Module
  |   cosmos.upgrade.module.v1.Module
  |   cosmos.nft.module.v1.Module
  |   cosmos.circuit.module.v1.Module
  |   cosmos.gov.module.v1.Module
  |   cosmos.app.runtime.v1alpha1.Module
  |   cosmos.genutil.module.v1.Module
  |   cosmos.slashing.module.v1.Module
  |   cosmos.tx.config.v1.Config
  |   cosmos.auth.module.v1.Module
  |   cosmos.evidence.module.v1.Module
  |   cosmos.vesting.module.v1.Module
Error types: (1) *withstack.withStack (2) *withstack.withStack (3) *withstack.withStack (4) *errors.errorString
 Error: no module registered for type URL /mycel.epochs.module.v1.Module, did you forget to import github.com/mycel-domain/mycel/x/epochs: find more information on how to make a module ready for app wiring: https://docs.cosmos.network/main/building-modules/depinject
registered modules are:
  cosmos.consensus.module.v1.Module
  cosmos.feegrant.module.v1.Module
  cosmos.distribution.module.v1.Module
  cosmos.mint.module.v1.Module
  cosmos.params.module.v1.Module
  cosmos.crisis.module.v1.Module
  cosmos.bank.module.v1.Module
  cosmos.group.module.v1.Module
  cosmos.authz.module.v1.Module
  cosmos.staking.module.v1.Module
  cosmos.upgrade.module.v1.Module
  cosmos.nft.module.v1.Module
  cosmos.circuit.module.v1.Module
  cosmos.gov.module.v1.Module
  cosmos.app.runtime.v1alpha1.Module
  cosmos.genutil.module.v1.Module
  cosmos.slashing.module.v1.Module
  cosmos.tx.config.v1.Config
  cosmos.auth.module.v1.Module
  cosmos.evidence.module.v1.Module
  cosmos.vesting.module.v1.Module
 Saved graph of container to /Users/taru/dev/mycel/mycel/debug_container.dot
